0 info it worked if it ends with ok
1 verbose cli [ 'C:\\Program Files\\nodejs\\node.exe',
1 verbose cli   'C:\\Program Files\\nodejs\\node_modules\\npm\\bin\\npm-cli.js',
1 verbose cli   'link',
1 verbose cli   'typescript' ]
2 info using npm@2.14.20
3 info using node@v4.4.1
4 verbose link symlinking C:\Users\Eason\AppData\Roaming\npm\node_modules\typescript to E:\Git\Angular2-Study\node_modules\typescript
5 silly gentlyRm E:\Git\Angular2-Study\node_modules\typescript is being purged
6 verbose gentlyRm don't care about contents; nuking E:\Git\Angular2-Study\node_modules\typescript
7 silly vacuum-fs purging E:\Git\Angular2-Study\node_modules\typescript
8 verbose stack Error: EPERM: operation not permitted, unlink 'E:\Git\Angular2-Study\node_modules\typescript\lib\typescript.js'
8 verbose stack     at Error (native)
9 verbose cwd E:\Git\Angular2-Study\angular-practise\work-order-simple
10 error Windows_NT 6.1.7601
11 error argv "C:\\Program Files\\nodejs\\node.exe" "C:\\Program Files\\nodejs\\node_modules\\npm\\bin\\npm-cli.js" "link" "typescript"
12 error node v4.4.1
13 error npm  v2.14.20
14 error path E:\Git\Angular2-Study\node_modules\typescript\lib\typescript.js
15 error code EPERM
16 error errno -4048
17 error syscall unlink
18 error Error: EPERM: operation not permitted, unlink 'E:\Git\Angular2-Study\node_modules\typescript\lib\typescript.js'
18 error     at Error (native)
18 error  { [Error: EPERM: operation not permitted, unlink 'E:\Git\Angular2-Study\node_modules\typescript\lib\typescript.js']
18 error   errno: -4048,
18 error   code: 'EPERM',
18 error   syscall: 'unlink',
18 error   path: 'E:\\Git\\Angular2-Study\\node_modules\\typescript\\lib\\typescript.js' }
19 error Please try running this command again as root/Administrator.
20 verbose exit [ -4048, true ]
